<?xml version="1.0" encoding="UTF-8"?>
<testng-results ignored="0" total="1" passed="1" failed="0" skipped="0">
  <reporter-output>
  </reporter-output>
  <suite started-at="2019-08-20T05:29:07Z" name="Default suite" finished-at="2019-08-20T05:29:49Z" duration-ms="42292">
    <groups>
    </groups>
    <test started-at="2019-08-20T05:29:07Z" name="Default test" finished-at="2019-08-20T05:29:49Z" duration-ms="42292">
      <class name="Scenarios1.ActitimeScreenshot">
        <test-method signature="main()[pri:0, instance:Scenarios1.ActitimeScreenshot@2cbb3d47]" started-at="2019-08-20T05:29:07Z" name="main" finished-at="2019-08-20T05:29:49Z" duration-ms="42245" status="PASS">
          <reporter-output>
          </reporter-output>
        </test-method> <!-- main -->
      </class> <!-- Scenarios1.ActitimeScreenshot -->
    </test> <!-- Default test -->
  </suite> <!-- Default suite -->
</testng-results>
